17:26:24.748 [main]  INFO testCases.TC001_AccountResgistrationTest - ****** Starting TC001_AccountResgistrationTest ******
17:26:25.053 [main]  INFO testCases.TC001_AccountResgistrationTest - Clicked on myAccount link
17:26:25.715 [main]  INFO testCases.TC001_AccountResgistrationTest - Clicked on Register link
17:26:25.719 [main]  INFO testCases.TC001_AccountResgistrationTest - Customer details
17:26:27.879 [main]  INFO testCases.TC001_AccountResgistrationTest - Validating expected message..
17:36:10.460 [main]  INFO testCases.TC001_AccountResgistrationTest - ****** Starting TC001_AccountResgistrationTest ******
17:36:12.956 [main]  INFO testCases.TC001_AccountResgistrationTest - Clicked on myAccount link
17:36:13.592 [main]  INFO testCases.TC001_AccountResgistrationTest - Clicked on Register link
17:36:13.727 [main]  INFO testCases.TC001_AccountResgistrationTest - Customer details
17:36:17.841 [main]  INFO testCases.TC001_AccountResgistrationTest - Validating expected message..
11:48:49.471 [TestNG-tests-1]  INFO testCases.TC001_AccountResgistrationTest - ****** Starting TC001_AccountResgistrationTest ******
11:48:50.951 [TestNG-tests-1]  INFO testCases.TC001_AccountResgistrationTest - Clicked on myAccount link
11:48:51.750 [TestNG-tests-1]  INFO testCases.TC001_AccountResgistrationTest - Clicked on Register link
11:48:51.822 [TestNG-tests-1]  INFO testCases.TC001_AccountResgistrationTest - Customer details
11:48:53.018 [TestNG-tests-1]  INFO testCases.TC001_AccountResgistrationTest - Validating expected message..
11:51:12.613 [TestNG-tests-1]  INFO testCases.TC001_AccountRegistrationTest - ****** Starting TC001_AccountResgistrationTest ******
11:51:12.825 [TestNG-tests-1]  INFO testCases.TC001_AccountRegistrationTest - Clicked on myAccount link
11:51:13.535 [TestNG-tests-1]  INFO testCases.TC001_AccountRegistrationTest - Clicked on Register link
11:51:13.538 [TestNG-tests-1]  INFO testCases.TC001_AccountRegistrationTest - Customer details
11:51:16.278 [TestNG-tests-1]  INFO testCases.TC001_AccountRegistrationTest - Validating expected message..
12:00:14.333 [TestNG-tests-1]  INFO testCases.TC001_AccountRegistrationTest - ****** Starting TC001_AccountResgistrationTest ******
12:00:14.532 [TestNG-tests-1]  INFO testCases.TC001_AccountRegistrationTest - Clicked on myAccount link
12:00:15.859 [TestNG-tests-1]  INFO testCases.TC001_AccountRegistrationTest - Clicked on Register link
12:00:15.862 [TestNG-tests-1]  INFO testCases.TC001_AccountRegistrationTest - Customer details
12:00:20.313 [TestNG-tests-1]  INFO testCases.TC001_AccountRegistrationTest - Validating expected message..
12:13:53.442 [main]  INFO testCases.TC001_AccountRegistrationTest - ****** Starting TC001_AccountResgistrationTest ******
12:13:53.734 [main]  INFO testCases.TC001_AccountRegistrationTest - Clicked on myAccount link
12:13:54.476 [main]  INFO testCases.TC001_AccountRegistrationTest - Clicked on Register link
12:13:54.480 [main]  INFO testCases.TC001_AccountRegistrationTest - Customer details
12:13:57.530 [main]  INFO testCases.TC001_AccountRegistrationTest - Validating expected message..
12:19:03.721 [main]  INFO testCases.TC001_AccountRegistrationTest - ****** Starting TC001_AccountResgistrationTest ******
12:19:04.095 [main]  INFO testCases.TC001_AccountRegistrationTest - Clicked on myAccount link
12:19:04.767 [main]  INFO testCases.TC001_AccountRegistrationTest - Clicked on Register link
12:19:04.771 [main]  INFO testCases.TC001_AccountRegistrationTest - Customer details
12:19:07.318 [main]  INFO testCases.TC001_AccountRegistrationTest - Validating expected message..
12:19:17.149 [main]  INFO testCases.TC001_AccountRegistrationTest - ****** Starting TC001_AccountResgistrationTest ******
12:19:17.344 [main]  INFO testCases.TC001_AccountRegistrationTest - Clicked on myAccount link
12:19:18.368 [main]  INFO testCases.TC001_AccountRegistrationTest - Clicked on Register link
12:19:18.369 [main]  INFO testCases.TC001_AccountRegistrationTest - Customer details
12:19:21.239 [main]  INFO testCases.TC001_AccountRegistrationTest - Validating expected message..
12:19:29.461 [main]  INFO testCases.TC001_AccountRegistrationTest - ****** Starting TC001_AccountResgistrationTest ******
12:19:29.592 [main]  INFO testCases.TC001_AccountRegistrationTest - Clicked on myAccount link
12:19:30.518 [main]  INFO testCases.TC001_AccountRegistrationTest - Clicked on Register link
12:19:30.519 [main]  INFO testCases.TC001_AccountRegistrationTest - Customer details
12:19:32.450 [main]  INFO testCases.TC001_AccountRegistrationTest - Validating expected message..
12:20:17.408 [main]  INFO testCases.TC001_AccountRegistrationTest - ****** Starting TC001_AccountResgistrationTest ******
12:20:17.668 [main]  INFO testCases.TC001_AccountRegistrationTest - Clicked on myAccount link
12:20:18.344 [main]  INFO testCases.TC001_AccountRegistrationTest - Clicked on Register link
12:20:18.344 [main]  INFO testCases.TC001_AccountRegistrationTest - Customer details
