17:25:51.773 [main]  INFO testCases.TC002_LoginTest - **Starting TC002_LoginTest**
17:26:01.355 [main]  INFO testCases.TC002_LoginTest - **Finished TC002_LoginTest**
17:33:51.006 [main]  INFO testCases.TC002_LoginTest - **Starting TC002_LoginTest**
17:33:53.971 [main]  INFO testCases.TC002_LoginTest - **Finished TC002_LoginTest**
17:36:44.872 [main]  INFO testCases.TC002_LoginTest - **Starting TC002_LoginTest**
17:36:47.769 [main]  INFO testCases.TC002_LoginTest - **Finished TC002_LoginTest**
15:12:02.867 [main]  INFO testCases.TC002_LoginTest - **Starting TC002_LoginTest**
15:12:05.915 [main]  INFO testCases.TC002_LoginTest - **Finished TC002_LoginTest**
11:05:12.915 [main]  INFO testCases.TC001_AccountRegistrationTest - ****** Starting TC001_AccountResgistrationTest ******
11:05:13.516 [main]  INFO testCases.TC001_AccountRegistrationTest - Clicked on myAccount link
11:05:14.451 [main]  INFO testCases.TC001_AccountRegistrationTest - Clicked on Register link
11:05:14.543 [main]  INFO testCases.TC001_AccountRegistrationTest - Customer details
11:05:16.236 [main]  INFO testCases.TC001_AccountRegistrationTest - Validating expected message..
11:05:26.250 [main]  INFO testCases.TC002_LoginTest - **Starting TC002_LoginTest**
11:05:28.387 [main]  INFO testCases.TC002_LoginTest - **Finished TC002_LoginTest**
11:39:30.242 [main]  INFO testCases.TC001_AccountRegistrationTest - ****** Starting TC001_AccountResgistrationTest ******
11:39:30.941 [main]  INFO testCases.TC001_AccountRegistrationTest - Clicked on myAccount link
11:39:31.475 [main]  INFO testCases.TC001_AccountRegistrationTest - Clicked on Register link
11:39:31.478 [main]  INFO testCases.TC001_AccountRegistrationTest - Customer details
11:39:33.795 [main]  INFO testCases.TC001_AccountRegistrationTest - Validating expected message..
11:39:42.582 [main]  INFO testCases.TC002_LoginTest - **Starting TC002_LoginTest**
11:39:44.852 [main]  INFO testCases.TC002_LoginTest - **Finished TC002_LoginTest**
12:05:15.305 [main]  INFO testCases.TC001_AccountRegistrationTest - ****** Starting TC001_AccountResgistrationTest ******
12:05:16.006 [main]  INFO testCases.TC001_AccountRegistrationTest - Clicked on myAccount link
12:05:16.516 [main]  INFO testCases.TC001_AccountRegistrationTest - Clicked on Register link
12:05:16.521 [main]  INFO testCases.TC001_AccountRegistrationTest - Customer details
12:05:18.466 [main]  INFO testCases.TC001_AccountRegistrationTest - Validating expected message..
12:05:26.246 [main]  INFO testCases.TC002_LoginTest - **Starting TC002_LoginTest**
12:05:29.940 [main]  INFO testCases.TC002_LoginTest - **Finished TC002_LoginTest**
16:50:37.558 [main]  INFO testCases.TC001_AccountRegistrationTest - ****** Starting TC001_AccountResgistrationTest ******
16:50:38.704 [main]  INFO testCases.TC001_AccountRegistrationTest - Clicked on myAccount link
16:50:40.032 [main]  INFO testCases.TC001_AccountRegistrationTest - Clicked on Register link
16:50:40.124 [main]  INFO testCases.TC001_AccountRegistrationTest - Customer details
16:50:44.471 [main]  INFO testCases.TC001_AccountRegistrationTest - Validating expected message..
16:51:12.025 [main]  INFO testCases.TC002_LoginTest - **Starting TC002_LoginTest**
16:51:15.322 [main]  INFO testCases.TC002_LoginTest - **Finished TC002_LoginTest**
16:53:23.579 [main]  INFO testCases.TC001_AccountRegistrationTest - ****** Starting TC001_AccountResgistrationTest ******
16:53:23.823 [main]  INFO testCases.TC001_AccountRegistrationTest - Clicked on myAccount link
16:53:24.500 [main]  INFO testCases.TC001_AccountRegistrationTest - Clicked on Register link
16:53:24.505 [main]  INFO testCases.TC001_AccountRegistrationTest - Customer details
16:53:26.704 [main]  INFO testCases.TC001_AccountRegistrationTest - Validating expected message..
16:53:35.944 [main]  INFO testCases.TC002_LoginTest - **Starting TC002_LoginTest**
17:02:00.728 [main]  INFO testCases.TC001_AccountRegistrationTest - ****** Starting TC001_AccountResgistrationTest ******
17:02:01.505 [main]  INFO testCases.TC001_AccountRegistrationTest - Clicked on myAccount link
17:02:02.352 [main]  INFO testCases.TC001_AccountRegistrationTest - Clicked on Register link
17:02:02.356 [main]  INFO testCases.TC001_AccountRegistrationTest - Customer details
17:02:04.970 [main]  INFO testCases.TC001_AccountRegistrationTest - Validating expected message..
17:02:15.452 [main]  INFO testCases.TC002_LoginTest - **Starting TC002_LoginTest**
17:41:07.627 [main]  INFO testCases.TC001_AccountRegistrationTest - ****** Starting TC001_AccountResgistrationTest ******
17:41:08.787 [main]  INFO testCases.TC001_AccountRegistrationTest - Clicked on myAccount link
17:41:09.741 [main]  INFO testCases.TC001_AccountRegistrationTest - Clicked on Register link
17:41:09.746 [main]  INFO testCases.TC001_AccountRegistrationTest - Customer details
17:41:12.642 [main]  INFO testCases.TC001_AccountRegistrationTest - Validating expected message..
17:41:23.854 [main]  INFO testCases.TC002_LoginTest - **Starting TC002_LoginTest**
